2025-07-19 22:24:33,763 INFO o.a.j.u.JMeterUtils: Setting Locale to en_EN
2025-07-19 22:24:33,780 INFO o.a.j.JMeter: Loading user properties from: C:\Users\USER\jmeter\apache-jmeter-5.6.3\bin\user.properties
2025-07-19 22:24:33,780 INFO o.a.j.JMeter: Loading system properties from: C:\Users\USER\jmeter\apache-jmeter-5.6.3\bin\system.properties
2025-07-19 22:24:33,797 INFO o.a.j.JMeter: Copyright (c) 1998-2024 The Apache Software Foundation
2025-07-19 22:24:33,797 INFO o.a.j.JMeter: Version 5.6.3
2025-07-19 22:24:33,797 INFO o.a.j.JMeter: java.version=17.0.2
2025-07-19 22:24:33,797 INFO o.a.j.JMeter: java.vm.name=Java HotSpot(TM) 64-Bit Server VM
2025-07-19 22:24:33,797 INFO o.a.j.JMeter: os.name=Windows 10
2025-07-19 22:24:33,797 INFO o.a.j.JMeter: os.arch=amd64
2025-07-19 22:24:33,797 INFO o.a.j.JMeter: os.version=10.0
2025-07-19 22:24:33,797 INFO o.a.j.JMeter: file.encoding=Cp1252
2025-07-19 22:24:33,797 INFO o.a.j.JMeter: java.awt.headless=true
2025-07-19 22:24:33,797 INFO o.a.j.JMeter: Max memory     =1073741824
2025-07-19 22:24:33,797 INFO o.a.j.JMeter: Available Processors =8
2025-07-19 22:24:33,813 INFO o.a.j.JMeter: Default Locale=English (EN)
2025-07-19 22:24:33,813 INFO o.a.j.JMeter: JMeter  Locale=English (EN)
2025-07-19 22:24:33,813 INFO o.a.j.JMeter: JMeterHome=C:\Users\USER\jmeter\apache-jmeter-5.6.3
2025-07-19 22:24:33,813 INFO o.a.j.JMeter: user.dir  =C:\Users\USER\.jenkins\workspace\demowebshop Performance Testing
2025-07-19 22:24:33,813 INFO o.a.j.JMeter: PWD       =C:\Users\USER\.jenkins\workspace\demowebshop Performance Testing
2025-07-19 22:24:33,813 INFO o.a.j.JMeter: IP: 192.168.5.120 Name: LAPTOP-OFSAFAFD FullName: LAPTOP-OFSAFAFD
2025-07-19 22:24:33,849 INFO o.a.j.JMeter: Setting property 'jmeter.reportgenerator.outputdir' to:'C:\Users\USER\.jenkins\workspace\demowebshop Performance Testing\TestReport\20250719222432'
2025-07-19 22:24:33,849 INFO o.a.j.s.FileServer: Default base='C:\Users\USER\.jenkins\workspace\demowebshop Performance Testing'
2025-07-19 22:24:33,849 INFO o.a.j.s.FileServer: Set new base='C:\Users\USER\.jenkins\workspace\demowebshop Performance Testing'
2025-07-19 22:24:34,063 INFO o.a.j.s.SaveService: Testplan (JMX) version: 2.2. Testlog (JTL) version: 2.2
2025-07-19 22:24:34,097 INFO o.a.j.s.SaveService: Using SaveService properties version 5.0
2025-07-19 22:24:34,097 INFO o.a.j.s.SaveService: Using SaveService properties file encoding UTF-8
2025-07-19 22:24:34,097 INFO o.a.j.s.SaveService: Loading file: demo.nopcommerce.jmx
2025-07-19 22:24:34,144 INFO o.a.j.p.h.c.CookieManager: Settings: Delete null: true Check: true Allow variable: true Save: false Prefix: COOKIE_
2025-07-19 22:24:34,179 INFO o.a.j.p.h.s.HTTPSamplerBase: Parser for text/html is org.apache.jmeter.protocol.http.parser.LagartoBasedHtmlParser
2025-07-19 22:24:34,179 INFO o.a.j.p.h.s.HTTPSamplerBase: Parser for application/xhtml+xml is org.apache.jmeter.protocol.http.parser.LagartoBasedHtmlParser
2025-07-19 22:24:34,179 INFO o.a.j.p.h.s.HTTPSamplerBase: Parser for application/xml is org.apache.jmeter.protocol.http.parser.LagartoBasedHtmlParser
2025-07-19 22:24:34,180 INFO o.a.j.p.h.s.HTTPSamplerBase: Parser for text/xml is org.apache.jmeter.protocol.http.parser.LagartoBasedHtmlParser
2025-07-19 22:24:34,180 INFO o.a.j.p.h.s.HTTPSamplerBase: Parser for text/vnd.wap.wml is org.apache.jmeter.protocol.http.parser.RegexpHTMLParser
2025-07-19 22:24:34,180 INFO o.a.j.p.h.s.HTTPSamplerBase: Parser for text/css is org.apache.jmeter.protocol.http.parser.CssParser
2025-07-19 22:24:34,580 INFO o.a.j.e.KeyToolUtils: keytool found at 'keytool'
2025-07-19 22:24:34,580 INFO o.a.j.p.h.p.ProxyControl: HTTP(S) Test Script Recorder SSL Proxy will use keys that support embedded 3rd party resources in file C:\Users\USER\jmeter\apache-jmeter-5.6.3\bin\proxyserver.jks
2025-07-19 22:24:34,611 INFO o.a.j.JMeter: Creating summariser <summary>
2025-07-19 22:24:34,614 INFO o.a.j.r.d.ReportGenerator: ReportGenerator will use for Parsing the separator: ','
2025-07-19 22:24:34,614 INFO o.a.j.r.d.ReportGenerator: Will generate report at end of test from  results file: TestResult\20250719222432\testresult.csv
2025-07-19 22:24:34,614 INFO o.a.j.r.d.ReportGenerator: Reading report generator properties from: C:\Users\USER\jmeter\apache-jmeter-5.6.3\bin\reportgenerator.properties
2025-07-19 22:24:34,614 INFO o.a.j.r.d.ReportGenerator: Merging with JMeter properties
2025-07-19 22:24:34,614 INFO o.a.j.r.c.ReportGeneratorConfiguration: Property 'jmeter.reportgenerator.temp_dir' not found, using default value 'temp' instead.
2025-07-19 22:24:34,630 INFO o.a.j.r.c.ReportGeneratorConfiguration: Property 'jmeter.reportgenerator.apdex_per_transaction' not found, using default value 'null' instead.
2025-07-19 22:24:34,630 INFO o.a.j.r.c.ReportGeneratorConfiguration: apdex_per_transaction is empty, not APDEX per transaction customization
2025-07-19 22:24:34,630 INFO o.a.j.r.c.ReportGeneratorConfiguration: Property 'jmeter.reportgenerator.sample_filter' not found, using default value 'null' instead.
2025-07-19 22:24:34,630 INFO o.a.j.r.c.ReportGeneratorConfiguration: Property 'jmeter.reportgenerator.report_title' not found, using default value 'null' instead.
2025-07-19 22:24:34,630 INFO o.a.j.r.c.ReportGeneratorConfiguration: Property 'jmeter.reportgenerator.start_date' not found, using default value 'null' instead.
2025-07-19 22:24:34,630 INFO o.a.j.r.c.ReportGeneratorConfiguration: Property 'jmeter.reportgenerator.end_date' not found, using default value 'null' instead.
2025-07-19 22:24:34,630 INFO o.a.j.r.c.ReportGeneratorConfiguration: Property 'jmeter.reportgenerator.date_format' not found, using default value 'null' instead.
2025-07-19 22:24:34,630 INFO o.a.j.r.c.ReportGeneratorConfiguration: Will use date range start date: null, end date: null
2025-07-19 22:24:34,630 INFO o.a.j.r.c.ReportGeneratorConfiguration: Property 'jmeter.reportgenerator.graph.totalTPS.exclude_controllers' not found, using default value 'false' instead.
2025-07-19 22:24:34,630 INFO o.a.j.r.c.ReportGeneratorConfiguration: Property 'jmeter.reportgenerator.graph.activeThreadsOverTime.exclude_controllers' not found, using default value 'false' instead.
2025-07-19 22:24:34,630 INFO o.a.j.r.c.ReportGeneratorConfiguration: Property 'jmeter.reportgenerator.graph.timeVsThreads.exclude_controllers' not found, using default value 'false' instead.
2025-07-19 22:24:34,630 INFO o.a.j.r.c.ReportGeneratorConfiguration: Property 'jmeter.reportgenerator.graph.responseTimeDistribution.exclude_controllers' not found, using default value 'false' instead.
2025-07-19 22:24:34,630 INFO o.a.j.r.c.ReportGeneratorConfiguration: Property 'jmeter.reportgenerator.graph.transactionsPerSecond.exclude_controllers' not found, using default value 'false' instead.
2025-07-19 22:24:34,630 INFO o.a.j.r.c.ReportGeneratorConfiguration: Property 'jmeter.reportgenerator.graph.responseTimePercentiles.exclude_controllers' not found, using default value 'false' instead.
2025-07-19 22:24:34,630 INFO o.a.j.r.c.ReportGeneratorConfiguration: Property 'jmeter.reportgenerator.graph.responseTimePercentilesOverTime.exclude_controllers' not found, using default value 'false' instead.
2025-07-19 22:24:34,630 INFO o.a.j.r.c.ReportGeneratorConfiguration: Property 'jmeter.reportgenerator.graph.responseTimesOverTime.exclude_controllers' not found, using default value 'false' instead.
2025-07-19 22:24:34,630 INFO o.a.j.r.c.ReportGeneratorConfiguration: Property 'jmeter.reportgenerator.graph.connectTimeOverTime.exclude_controllers' not found, using default value 'false' instead.
2025-07-19 22:24:34,630 INFO o.a.j.r.c.ReportGeneratorConfiguration: Property 'jmeter.reportgenerator.graph.latenciesOverTime.exclude_controllers' not found, using default value 'false' instead.
2025-07-19 22:24:34,630 INFO o.a.j.r.c.ReportGeneratorConfiguration: Property 'jmeter.reportgenerator.exporter.json.filters_only_sample_series' not found, using default value 'true' instead.
2025-07-19 22:24:34,630 INFO o.a.j.r.c.ReportGeneratorConfiguration: Property 'jmeter.reportgenerator.exporter.json.series_filter' not found, using default value '' instead.
2025-07-19 22:24:34,630 INFO o.a.j.r.c.ReportGeneratorConfiguration: Property 'jmeter.reportgenerator.exporter.json.show_controllers_only' not found, using default value 'false' instead.
2025-07-19 22:24:34,630 INFO o.a.j.r.c.ReportGeneratorConfiguration: Property 'jmeter.reportgenerator.exporter.html.filters_only_sample_series' not found, using default value 'true' instead.
2025-07-19 22:24:34,630 INFO o.a.j.r.c.ReportGeneratorConfiguration: Property 'jmeter.reportgenerator.exporter.html.series_filter' not found, using default value '' instead.
2025-07-19 22:24:34,630 INFO o.a.j.r.c.ReportGeneratorConfiguration: Property 'jmeter.reportgenerator.exporter.html.show_controllers_only' not found, using default value 'false' instead.
2025-07-19 22:24:34,650 INFO o.a.j.e.StandardJMeterEngine: Running the test!
2025-07-19 22:24:34,650 INFO o.a.j.s.SampleEvent: List of sample_variables: []
2025-07-19 22:24:34,650 INFO o.a.j.s.SampleEvent: List of sample_variables: []
2025-07-19 22:24:34,663 INFO o.a.j.e.u.CompoundVariable: Note: Function class names must contain the string: '.functions.'
2025-07-19 22:24:34,663 INFO o.a.j.e.u.CompoundVariable: Note: Function class names must not contain the string: '.gui.'
2025-07-19 22:24:34,750 INFO o.a.j.r.ClassFinder: Will scan jar C:\Users\USER\jmeter\apache-jmeter-5.6.3\lib\ext\har-convertor-jmeter-plugin-7.1-jar-with-dependencies.jar with filter ExtendsClassFilter [parents=[interface org.apache.jmeter.functions.Function], inner=false, contains=null, notContains=null]. Consider exposing JMeter plugins via META-INF/services, and add JMeter-Skip-Class-Scanning=true manifest attribute so JMeter can skip classfile scanning
2025-07-19 22:24:35,250 INFO o.a.j.r.ClassFinder: Will scan jar C:\Users\USER\jmeter\apache-jmeter-5.6.3\lib\ext\jmeter-plugins-graphs-additional-2.0.jar with filter ExtendsClassFilter [parents=[interface org.apache.jmeter.functions.Function], inner=false, contains=null, notContains=null]. Consider exposing JMeter plugins via META-INF/services, and add JMeter-Skip-Class-Scanning=true manifest attribute so JMeter can skip classfile scanning
2025-07-19 22:24:35,263 INFO o.a.j.r.ClassFinder: Will scan jar C:\Users\USER\jmeter\apache-jmeter-5.6.3\lib\ext\jmeter-plugins-graphs-basic-2.0.jar with filter ExtendsClassFilter [parents=[interface org.apache.jmeter.functions.Function], inner=false, contains=null, notContains=null]. Consider exposing JMeter plugins via META-INF/services, and add JMeter-Skip-Class-Scanning=true manifest attribute so JMeter can skip classfile scanning
2025-07-19 22:24:35,265 INFO o.a.j.r.ClassFinder: Will scan jar C:\Users\USER\jmeter\apache-jmeter-5.6.3\lib\ext\jmeter-plugins-manager-1.10.jar with filter ExtendsClassFilter [parents=[interface org.apache.jmeter.functions.Function], inner=false, contains=null, notContains=null]. Consider exposing JMeter plugins via META-INF/services, and add JMeter-Skip-Class-Scanning=true manifest attribute so JMeter can skip classfile scanning
2025-07-19 22:24:35,412 INFO o.a.j.r.ClassFinder: Will scan jar C:\Users\USER\jmeter\apache-jmeter-5.6.3\lib\ext\jmeter-plugins-perfmon-2.1.jar with filter ExtendsClassFilter [parents=[interface org.apache.jmeter.functions.Function], inner=false, contains=null, notContains=null]. Consider exposing JMeter plugins via META-INF/services, and add JMeter-Skip-Class-Scanning=true manifest attribute so JMeter can skip classfile scanning
2025-07-19 22:24:35,414 INFO o.a.j.r.ClassFinder: Will scan jar C:\Users\USER\jmeter\apache-jmeter-5.6.3\lib\ext\jmeter-plugins-casutg-3.0.jar with filter ExtendsClassFilter [parents=[interface org.apache.jmeter.functions.Function], inner=false, contains=null, notContains=null]. Consider exposing JMeter plugins via META-INF/services, and add JMeter-Skip-Class-Scanning=true manifest attribute so JMeter can skip classfile scanning
2025-07-19 22:24:35,431 INFO o.a.j.r.ClassFinder: Will scan jar C:\Users\USER\jmeter\apache-jmeter-5.6.3\lib\ext\jmeter-plugins-manager-0.20.jar with filter ExtendsClassFilter [parents=[interface org.apache.jmeter.functions.Function], inner=false, contains=null, notContains=null]. Consider exposing JMeter plugins via META-INF/services, and add JMeter-Skip-Class-Scanning=true manifest attribute so JMeter can skip classfile scanning
2025-07-19 22:24:35,497 INFO o.a.j.JMeter: Running test (1752938675497)
2025-07-19 22:24:35,527 INFO o.a.j.e.StandardJMeterEngine: Starting ThreadGroup: 1 : Scenario 10 - Confirm Order
2025-07-19 22:24:35,528 INFO o.a.j.e.StandardJMeterEngine: Starting 1 threads for group Scenario 10 - Confirm Order.
2025-07-19 22:24:35,528 INFO o.a.j.e.StandardJMeterEngine: Thread will continue on error
2025-07-19 22:24:35,528 INFO o.a.j.t.ThreadGroup: Starting thread group... number=1 threads=1 ramp-up=1 delayedStart=false
2025-07-19 22:24:35,537 INFO o.a.j.t.ThreadGroup: Started thread group number 1
2025-07-19 22:24:35,537 INFO o.a.j.e.StandardJMeterEngine: All thread groups have been started
2025-07-19 22:24:35,541 INFO o.a.j.s.SampleResult: Note: Sample TimeStamps are START times
2025-07-19 22:24:35,541 INFO o.a.j.s.SampleResult: sampleresult.default.encoding is set to UTF-8
2025-07-19 22:24:35,541 INFO o.a.j.s.SampleResult: sampleresult.useNanoTime=true
2025-07-19 22:24:35,542 INFO o.a.j.s.SampleResult: sampleresult.nanoThreadSleep=5000
2025-07-19 22:24:35,581 INFO o.a.j.t.JMeterThread: Thread started: Scenario 10 - Confirm Order 1-1
2025-07-19 22:24:35,596 INFO o.a.j.p.h.s.HTTPHCAbstractImpl: Local host = LAPTOP-OFSAFAFD
2025-07-19 22:24:35,614 INFO o.a.j.p.h.s.HTTPHC4Impl: HTTP request retry count = 0
2025-07-19 22:24:35,988 INFO o.a.j.p.h.s.h.LazyLayeredConnectionSocketFactory: Setting up HTTPS TrustAll Socket Factory
2025-07-19 22:24:35,994 INFO o.a.j.u.JsseSSLManager: Using default SSL protocol: TLS
2025-07-19 22:24:35,995 INFO o.a.j.u.JsseSSLManager: SSL session context: per-thread
2025-07-19 22:24:36,279 INFO o.a.j.u.SSLManager: JmeterKeyStore Location:  type JKS
2025-07-19 22:24:36,279 INFO o.a.j.u.SSLManager: KeyStore created OK
2025-07-19 22:24:36,279 WARN o.a.j.u.SSLManager: Keystore file not found, loading empty keystore
2025-07-19 22:24:46,878 INFO o.a.j.s.FileServer: Stored: D:/Jmeter/demo.nopcommerce/User.csv
2025-07-19 22:43:45,077 INFO o.a.j.t.JMeterThread: Thread is done: Scenario 10 - Confirm Order 1-1
2025-07-19 22:43:45,077 INFO o.a.j.t.JMeterThread: Thread finished: Scenario 10 - Confirm Order 1-1
2025-07-19 22:43:45,093 INFO o.a.j.e.StandardJMeterEngine: Notifying test listeners of end of test
2025-07-19 22:43:45,093 INFO o.a.j.s.FileServer: Close: D:/Jmeter/demo.nopcommerce/User.csv
2025-07-19 22:43:45,093 INFO o.a.j.r.Summariser: summary =      0 in 00:00:00 = ******/s Avg:     0 Min: 9223372036854775807 Max: -9223372036854775808 Err:     0 (0.00%)
2025-07-19 22:43:45,093 INFO o.a.j.JMeter: Generating Dashboard
2025-07-19 22:43:45,093 INFO o.a.j.r.d.ReportGenerator: Flushing result collector before report Generation
2025-07-19 22:43:45,110 INFO o.a.j.r.p.NormalizerSampleConsumer: Using format, 'ms', to parse timeStamp field
2025-07-19 22:43:45,210 INFO o.a.j.r.p.AbstractSampleConsumer: class org.apache.jmeter.report.processor.AggregateConsumer#stopProducing(): beginDate produced 0 samples
2025-07-19 22:43:45,210 INFO o.a.j.r.p.AbstractSampleConsumer: class org.apache.jmeter.report.processor.AggregateConsumer#stopProducing(): endDate produced 0 samples
2025-07-19 22:43:45,210 INFO o.a.j.r.p.AbstractSampleConsumer: class org.apache.jmeter.report.processor.ApdexSummaryConsumer#stopProducing(): apdexSummary produced 0 samples
2025-07-19 22:43:45,210 INFO o.a.j.r.p.AbstractSampleConsumer: class org.apache.jmeter.report.processor.RequestsSummaryConsumer#stopProducing(): requestsSummary produced 0 samples
2025-07-19 22:43:45,210 INFO o.a.j.r.p.AbstractSampleConsumer: class org.apache.jmeter.report.processor.StatisticsSummaryConsumer#stopProducing(): statisticsSummary produced 0 samples
2025-07-19 22:43:45,210 INFO o.a.j.r.p.AbstractSampleConsumer: class org.apache.jmeter.report.processor.Top5ErrorsBySamplerConsumer#stopProducing(): top5ErrorsBySampler produced 0 samples
2025-07-19 22:43:45,210 INFO o.a.j.r.p.AbstractSampleConsumer: class org.apache.jmeter.report.processor.ErrorsSummaryConsumer#stopProducing(): errorsSummary produced 0 samples
2025-07-19 22:43:45,210 INFO o.a.j.r.p.AbstractSampleConsumer: class org.apache.jmeter.report.processor.graph.impl.HitsPerSecondGraphConsumer#stopProducing(): hitsPerSecond produced 0 samples
2025-07-19 22:43:45,226 INFO o.a.j.r.p.AbstractSampleConsumer: class org.apache.jmeter.report.processor.graph.impl.LatencyVSRequestGraphConsumer#stopProducing(): latencyVsRequest produced 0 samples
2025-07-19 22:43:45,226 INFO o.a.j.r.p.AbstractSampleConsumer: class org.apache.jmeter.report.processor.graph.impl.SyntheticResponseTimeDistributionGraphConsumer#stopProducing(): syntheticResponseTimeDistribution produced 0 samples
2025-07-19 22:43:45,226 INFO o.a.j.r.p.AbstractSampleConsumer: class org.apache.jmeter.report.processor.graph.impl.BytesThroughputGraphConsumer#stopProducing(): bytesThroughputOverTime produced 0 samples
2025-07-19 22:43:45,226 INFO o.a.j.r.p.AbstractSampleConsumer: class org.apache.jmeter.report.processor.graph.impl.CodesPerSecondGraphConsumer#stopProducing(): codesPerSecond produced 0 samples
2025-07-19 22:43:45,243 INFO o.a.j.r.p.AbstractSampleConsumer: class org.apache.jmeter.report.processor.graph.impl.ResponseTimeVSRequestGraphConsumer#stopProducing(): responseTimeVsRequest produced 0 samples
2025-07-19 22:43:45,243 INFO o.a.j.r.p.AbstractSampleConsumer: class org.apache.jmeter.report.processor.FilterConsumer#stopProducing(): startIntervalControlerFilter produced 147 samples
2025-07-19 22:43:45,243 INFO o.a.j.r.p.AbstractSampleConsumer: class org.apache.jmeter.report.processor.graph.impl.TotalTPSGraphConsumer#stopProducing(): totalTPS produced 0 samples
2025-07-19 22:43:45,243 INFO o.a.j.r.p.AbstractSampleConsumer: class org.apache.jmeter.report.processor.graph.impl.ActiveThreadsGraphConsumer#stopProducing(): activeThreadsOverTime produced 0 samples
2025-07-19 22:43:45,243 INFO o.a.j.r.p.AbstractSampleConsumer: class org.apache.jmeter.report.processor.graph.impl.TimeVSThreadGraphConsumer#stopProducing(): timeVsThreads produced 0 samples
2025-07-19 22:43:45,243 INFO o.a.j.r.p.AbstractSampleConsumer: class org.apache.jmeter.report.processor.graph.impl.ResponseTimeDistributionGraphConsumer#stopProducing(): responseTimeDistribution produced 0 samples
2025-07-19 22:43:45,243 INFO o.a.j.r.p.AbstractSampleConsumer: class org.apache.jmeter.report.processor.graph.impl.TransactionsPerSecondGraphConsumer#stopProducing(): transactionsPerSecond produced 0 samples
2025-07-19 22:43:45,243 INFO o.a.j.r.p.AbstractSampleConsumer: class org.apache.jmeter.report.processor.graph.impl.ResponseTimePercentilesGraphConsumer#stopProducing(): responseTimePercentiles produced 0 samples
2025-07-19 22:43:45,243 INFO o.a.j.r.p.AbstractSampleConsumer: class org.apache.jmeter.report.processor.graph.impl.ResponseTimePercentilesOverTimeGraphConsumer#stopProducing(): responseTimePercentilesOverTime produced 0 samples
2025-07-19 22:43:45,243 INFO o.a.j.r.p.AbstractSampleConsumer: class org.apache.jmeter.report.processor.graph.impl.ResponseTimeOverTimeGraphConsumer#stopProducing(): responseTimesOverTime produced 0 samples
2025-07-19 22:43:45,243 INFO o.a.j.r.p.AbstractSampleConsumer: class org.apache.jmeter.report.processor.graph.impl.ConnectTimeOverTimeGraphConsumer#stopProducing(): connectTimeOverTime produced 0 samples
2025-07-19 22:43:45,243 INFO o.a.j.r.p.AbstractSampleConsumer: class org.apache.jmeter.report.processor.graph.impl.LatencyOverTimeGraphConsumer#stopProducing(): latenciesOverTime produced 0 samples
2025-07-19 22:43:45,243 INFO o.a.j.r.p.AbstractSampleConsumer: class org.apache.jmeter.report.processor.FilterConsumer#stopProducing(): nameFilter produced 525 samples
2025-07-19 22:43:45,243 INFO o.a.j.r.p.AbstractSampleConsumer: class org.apache.jmeter.report.processor.FilterConsumer#stopProducing(): dateRangeFilter produced 105 samples
2025-07-19 22:43:45,243 INFO o.a.j.r.p.AbstractSampleConsumer: class org.apache.jmeter.report.processor.NormalizerSampleConsumer#stopProducing(): normalizer produced 35 samples
2025-07-19 22:43:45,243 INFO o.a.j.r.p.CsvFileSampleSource: produce(): 35 samples produced in 100ms on channel 0
2025-07-19 22:43:45,243 INFO o.a.j.r.d.ReportGenerator: Exporting data using exporter:'json' of className:'org.apache.jmeter.report.dashboard.JsonExporter'
2025-07-19 22:43:45,276 INFO o.a.j.r.d.JsonExporter: Found data for consumer statisticsSummary in context
2025-07-19 22:43:45,276 INFO o.a.j.r.d.JsonExporter: Creating statistics for overall
2025-07-19 22:43:45,276 INFO o.a.j.r.d.JsonExporter: Creating statistics for other transactions
2025-07-19 22:43:45,276 INFO o.a.j.r.d.JsonExporter: Checking output folder
2025-07-19 22:43:45,276 INFO o.a.j.r.d.JsonExporter: Writing statistics JSON to C:\Users\USER\.jenkins\workspace\demowebshop Performance Testing\TestReport\20250719222432\statistics.json
2025-07-19 22:43:45,310 INFO o.a.j.r.d.ReportGenerator: Exporting data using exporter:'html' of className:'org.apache.jmeter.report.dashboard.HtmlTemplateExporter'
2025-07-19 22:43:45,310 INFO o.a.j.r.d.HtmlTemplateExporter: Will generate dashboard in folder: C:\Users\USER\.jenkins\workspace\demowebshop Performance Testing\TestReport\20250719222432
2025-07-19 22:43:45,610 INFO o.a.j.r.d.HtmlTemplateExporter: Report will be generated in: C:\Users\USER\.jenkins\workspace\demowebshop Performance Testing\TestReport\20250719222432, creating folder structure
2025-07-19 22:43:45,610 INFO o.a.j.r.d.TemplateVisitor: Copying folder from 'C:\Users\USER\jmeter\apache-jmeter-5.6.3\bin\report-template' to 'C:\Users\USER\.jenkins\workspace\demowebshop Performance Testing\TestReport\20250719222432', got message: C:\Users\USER\.jenkins\workspace\demowebshop Performance Testing\TestReport\20250719222432, found non empty folder with following content [C:\Users\USER\.jenkins\workspace\demowebshop Performance Testing\TestReport\20250719222432\statistics.json], will be ignored
2025-07-19 22:43:46,110 INFO o.a.j.JMeter: Dashboard generated
